2018-04-02T10:00:54+00:00 CRITICAL Maximum execution time of 30 seconds exceeded

2018-04-02T10:19:25+00:00 CRITICAL Maximum execution time of 30 seconds exceeded

2018-04-02T10:47:09+00:00 CRITICAL Call to undefined function marlboro_check_display_actions()

2018-04-02T10:47:20+00:00 CRITICAL Call to undefined function marlboro_check_display_actions()

2018-05-05T15:39:56+00:00 CRITICAL Allowed memory size of 268435456 bytes exhausted (tried to allocate 65484 bytes)

2018-06-04T16:48:18+00:00 CRITICAL Call to undefined function loadAddressBookFront()

2018-06-11T12:50:17+00:00 CRITICAL Call to undefined function saveVisitorsData()

2018-06-11T12:52:33+00:00 CRITICAL Call to undefined function saveVisitorsData()

2018-06-11T12:52:58+00:00 CRITICAL Call to undefined function saveVisitorsData()

2018-06-11T12:53:23+00:00 CRITICAL Call to undefined function saveVisitorsData()

2018-06-11T12:53:28+00:00 CRITICAL Call to undefined function saveVisitorsData()

2018-06-11T12:54:17+00:00 CRITICAL Call to undefined function saveVisitorsData()

2018-06-11T12:54:26+00:00 CRITICAL Call to undefined function saveVisitorsData()

2018-06-11T12:54:33+00:00 CRITICAL Call to undefined function saveVisitorsData()

2018-06-11T12:55:05+00:00 CRITICAL Call to undefined function saveVisitorsData()

2018-06-11T12:55:39+00:00 CRITICAL Call to undefined function saveVisitorsData()

2018-06-11T13:02:24+00:00 CRITICAL Call to undefined function saveVisitorsData()

2018-06-11T13:03:00+00:00 CRITICAL Call to undefined function saveVisitorsData()

2018-06-11T13:03:06+00:00 CRITICAL Call to undefined function saveVisitorsData()

2018-06-11T13:03:19+00:00 CRITICAL Call to undefined function saveVisitorsData()

2018-06-11T13:03:33+00:00 CRITICAL Call to undefined function saveVisitorsData()

2018-06-11T13:03:40+00:00 CRITICAL Call to undefined function saveVisitorsData()

2018-06-11T13:03:48+00:00 CRITICAL Call to undefined function saveVisitorsData()

2018-06-11T13:04:07+00:00 CRITICAL Call to undefined function saveVisitorsData()

2018-06-22T21:32:51+00:00 CRITICAL Call to undefined function giveCurrentUerSellerDashbaordAccess()

2018-06-22T21:33:18+00:00 CRITICAL Call to undefined function giveCurrentUerSellerDashbaordAccess()

2018-06-22T21:33:22+00:00 CRITICAL Call to undefined function giveCurrentUerSellerDashbaordAccess()

2018-06-22T21:33:48+00:00 CRITICAL Call to undefined function giveCurrentUerSellerDashbaordAccess()

2018-06-28T04:26:02+05:30 CRITICAL Call to undefined function showmostpopuler()

2018-06-28T04:26:12+05:30 CRITICAL Call to undefined function showmostpopuler()

